{"numFailedTestSuites":5,"numFailedTests":5,"numPassedTestSuites":10,"numPassedTests":45,"numPendingTestSuites":0,"numPendingTests":0,"numRuntimeErrorTestSuites":2,"numTodoTests":0,"numTotalTestSuites":15,"numTotalTests":50,"openHandles":[],"snapshot":{"added":0,"didUpdate":false,"failure":false,"filesAdded":0,"filesRemoved":0,"filesRemovedList":[],"filesUnmatched":0,"filesUpdated":0,"matched":0,"total":0,"unchecked":0,"uncheckedKeysByFile":[],"unmatched":0,"updated":0},"startTime":1766254241448,"success":false,"testResults":[{"assertionResults":[{"ancestorTitles":["User Model"],"duration":4,"failureDetails":[{"message":"thrown: \"Exceeded timeout of 5000 ms for a hook.\nAdd a timeout value to this test to increase the timeout, if this is a long-running test. See https://jestjs.io/docs/api#testname-fn-timeout.\""}],"failureMessages":["Error: thrown: \"Exceeded timeout of 5000 ms for a hook.\nAdd a timeout value to this test to increase the timeout, if this is a long-running test. See https://jestjs.io/docs/api#testname-fn-timeout.\"\n    at beforeAll (E:\\Desktop Folder new\\BackendPro\\tests\\user.model.test.js:6:3)\n    at _dispatchDescribe (E:\\Desktop Folder new\\BackendPro\\node_modules\\jest-circus\\build\\index.js:91:26)\n    at describe (E:\\Desktop Folder new\\BackendPro\\node_modules\\jest-circus\\build\\index.js:55:5)\n    at Object.describe (E:\\Desktop Folder new\\BackendPro\\tests\\user.model.test.js:5:1)\n    at Runtime._execModule (E:\\Desktop Folder new\\BackendPro\\node_modules\\jest-runtime\\build\\index.js:1439:24)\n    at Runtime._loadModule (E:\\Desktop Folder new\\BackendPro\\node_modules\\jest-runtime\\build\\index.js:1022:12)\n    at Runtime.requireModule (E:\\Desktop Folder new\\BackendPro\\node_modules\\jest-runtime\\build\\index.js:882:12)\n    at jestAdapter (E:\\Desktop Folder new\\BackendPro\\node_modules\\jest-circus\\build\\legacy-code-todo-rewrite\\jestAdapter.js:77:13)\n    at runTestInternal (E:\\Desktop Folder new\\BackendPro\\node_modules\\jest-runner\\build\\runTest.js:367:16)\n    at runTest (E:\\Desktop Folder new\\BackendPro\\node_modules\\jest-runner\\build\\runTest.js:444:34)"],"fullName":"User Model should create a user","invocations":1,"location":null,"numPassingAsserts":0,"retryReasons":[],"status":"failed","title":"should create a user"}],"coverage":{},"endTime":1766254361241,"message":"\u001b[1m\u001b[31m  \u001b[1m● \u001b[22m\u001b[1mUser Model › should create a user\u001b[39m\u001b[22m\n\n    thrown: \"Exceeded timeout of 5000 ms for a hook.\n    Add a timeout value to this test to increase the timeout, if this is a long-running test. See https://jestjs.io/docs/api#testname-fn-timeout.\"\n\u001b[2m\u001b[22m\n\u001b[2m    \u001b[0m \u001b[90m 4 |\u001b[39m\u001b[22m\n\u001b[2m     \u001b[90m 5 |\u001b[39m describe(\u001b[32m'User Model'\u001b[39m\u001b[33m,\u001b[39m () \u001b[33m=>\u001b[39m {\u001b[22m\n\u001b[2m    \u001b[31m\u001b[1m>\u001b[22m\u001b[2m\u001b[39m\u001b[90m 6 |\u001b[39m   beforeAll(\u001b[36masync\u001b[39m () \u001b[33m=>\u001b[39m {\u001b[22m\n\u001b[2m     \u001b[90m   |\u001b[39m   \u001b[31m\u001b[1m^\u001b[22m\u001b[2m\u001b[39m\u001b[22m\n\u001b[2m     \u001b[90m 7 |\u001b[39m     \u001b[36mawait\u001b[39m mongoose\u001b[33m.\u001b[39mconnect(process\u001b[33m.\u001b[39menv\u001b[33m.\u001b[39m\u001b[33mMONGODB_URI\u001b[39m \u001b[33m||\u001b[39m \u001b[32m'mongodb://localhost:27017/uconnect_test'\u001b[39m)\u001b[33m;\u001b[39m\u001b[22m\n\u001b[2m     \u001b[90m 8 |\u001b[39m   })\u001b[33m;\u001b[39m\u001b[22m\n\u001b[2m     \u001b[90m 9 |\u001b[39m   afterAll(\u001b[36masync\u001b[39m () \u001b[33m=>\u001b[39m {\u001b[0m\u001b[22m\n\u001b[2m\u001b[22m\n\u001b[2m      \u001b[2mat beforeAll (\u001b[22m\u001b[2m\u001b[0m\u001b[36mtests/user.model.test.js\u001b[39m\u001b[0m\u001b[2m:6:3)\u001b[22m\u001b[2m\u001b[22m\n\u001b[2m      \u001b[2mat Object.describe (\u001b[22m\u001b[2m\u001b[0m\u001b[36mtests/user.model.test.js\u001b[39m\u001b[0m\u001b[2m:5:1)\u001b[22m\u001b[2m\u001b[22m\n\n\n  \u001b[1m● \u001b[22mTest suite failed to run\n\n    thrown: \"Exceeded timeout of 5000 ms for a hook.\n    Add a timeout value to this test to increase the timeout, if this is a long-running test. See https://jestjs.io/docs/api#testname-fn-timeout.\"\n\n    \u001b[0m \u001b[90m  7 |\u001b[39m     \u001b[36mawait\u001b[39m mongoose\u001b[33m.\u001b[39mconnect(process\u001b[33m.\u001b[39menv\u001b[33m.\u001b[39m\u001b[33mMONGODB_URI\u001b[39m \u001b[33m||\u001b[39m \u001b[32m'mongodb://localhost:27017/uconnect_test'\u001b[39m)\u001b[33m;\u001b[39m\n     \u001b[90m  8 |\u001b[39m   })\u001b[33m;\u001b[39m\n    \u001b[31m\u001b[1m>\u001b[22m\u001b[39m\u001b[90m  9 |\u001b[39m   afterAll(\u001b[36masync\u001b[39m () \u001b[33m=>\u001b[39m {\n     \u001b[90m    |\u001b[39m   \u001b[31m\u001b[1m^\u001b[22m\u001b[39m\n     \u001b[90m 10 |\u001b[39m     \u001b[36mawait\u001b[39m mongoose\u001b[33m.\u001b[39mconnection\u001b[33m.\u001b[39mclose()\u001b[33m;\u001b[39m\n     \u001b[90m 11 |\u001b[39m   })\u001b[33m;\u001b[39m\n     \u001b[90m 12 |\u001b[39m   it(\u001b[32m'should create a user'\u001b[39m\u001b[33m,\u001b[39m \u001b[36masync\u001b[39m () \u001b[33m=>\u001b[39m {\u001b[0m\n\n      \u001b[2mat afterAll (\u001b[22m\u001b[0m\u001b[36mtests/user.model.test.js\u001b[39m\u001b[0m\u001b[2m:9:3)\u001b[22m\n      \u001b[2mat Object.describe (\u001b[22m\u001b[0m\u001b[36mtests/user.model.test.js\u001b[39m\u001b[0m\u001b[2m:5:1)\u001b[22m\n","name":"E:\\Desktop Folder new\\BackendPro\\tests\\user.model.test.js","startTime":1766254361241,"status":"failed","summary":""},{"assertionResults":[{"ancestorTitles":["Post Model"],"duration":1,"failureDetails":[{"message":"thrown: \"Exceeded timeout of 5000 ms for a hook.\nAdd a timeout value to this test to increase the timeout, if this is a long-running test. See https://jestjs.io/docs/api#testname-fn-timeout.\""}],"failureMessages":["Error: thrown: \"Exceeded timeout of 5000 ms for a hook.\nAdd a timeout value to this test to increase the timeout, if this is a long-running test. See https://jestjs.io/docs/api#testname-fn-timeout.\"\n    at beforeAll (E:\\Desktop Folder new\\BackendPro\\tests\\post.model.test.js:8:3)\n    at _dispatchDescribe (E:\\Desktop Folder new\\BackendPro\\node_modules\\jest-circus\\build\\index.js:91:26)\n    at describe (E:\\Desktop Folder new\\BackendPro\\node_modules\\jest-circus\\build\\index.js:55:5)\n    at Object.describe (E:\\Desktop Folder new\\BackendPro\\tests\\post.model.test.js:6:1)\n    at Runtime._execModule (E:\\Desktop Folder new\\BackendPro\\node_modules\\jest-runtime\\build\\index.js:1439:24)\n    at Runtime._loadModule (E:\\Desktop Folder new\\BackendPro\\node_modules\\jest-runtime\\build\\index.js:1022:12)\n    at Runtime.requireModule (E:\\Desktop Folder new\\BackendPro\\node_modules\\jest-runtime\\build\\index.js:882:12)\n    at jestAdapter (E:\\Desktop Folder new\\BackendPro\\node_modules\\jest-circus\\build\\legacy-code-todo-rewrite\\jestAdapter.js:77:13)\n    at runTestInternal (E:\\Desktop Folder new\\BackendPro\\node_modules\\jest-runner\\build\\runTest.js:367:16)\n    at runTest (E:\\Desktop Folder new\\BackendPro\\node_modules\\jest-runner\\build\\runTest.js:444:34)"],"fullName":"Post Model should create a post","invocations":1,"location":null,"numPassingAsserts":0,"retryReasons":[],"status":"failed","title":"should create a post"}],"coverage":{},"endTime":1766254361241,"message":"\u001b[1m\u001b[31m  \u001b[1m● \u001b[22m\u001b[1mPost Model › should create a post\u001b[39m\u001b[22m\n\n    thrown: \"Exceeded timeout of 5000 ms for a hook.\n    Add a timeout value to this test to increase the timeout, if this is a long-running test. See https://jestjs.io/docs/api#testname-fn-timeout.\"\n\u001b[2m\u001b[22m\n\u001b[2m    \u001b[0m \u001b[90m  6 |\u001b[39m describe(\u001b[32m'Post Model'\u001b[39m\u001b[33m,\u001b[39m () \u001b[33m=>\u001b[39m {\u001b[22m\n\u001b[2m     \u001b[90m  7 |\u001b[39m   \u001b[36mlet\u001b[39m user\u001b[33m;\u001b[39m\u001b[22m\n\u001b[2m    \u001b[31m\u001b[1m>\u001b[22m\u001b[2m\u001b[39m\u001b[90m  8 |\u001b[39m   beforeAll(\u001b[36masync\u001b[39m () \u001b[33m=>\u001b[39m {\u001b[22m\n\u001b[2m     \u001b[90m    |\u001b[39m   \u001b[31m\u001b[1m^\u001b[22m\u001b[2m\u001b[39m\u001b[22m\n\u001b[2m     \u001b[90m  9 |\u001b[39m     \u001b[36mawait\u001b[39m mongoose\u001b[33m.\u001b[39mconnect(process\u001b[33m.\u001b[39menv\u001b[33m.\u001b[39m\u001b[33mMONGODB_URI\u001b[39m \u001b[33m||\u001b[39m \u001b[32m'mongodb://localhost:27017/uconnect_test'\u001b[39m)\u001b[33m;\u001b[39m\u001b[22m\n\u001b[2m     \u001b[90m 10 |\u001b[39m     user \u001b[33m=\u001b[39m \u001b[36mnew\u001b[39m \u001b[33mUser\u001b[39m({ username\u001b[33m:\u001b[39m \u001b[32m'postuser'\u001b[39m\u001b[33m,\u001b[39m email\u001b[33m:\u001b[39m \u001b[32m'postuser@example.com'\u001b[39m\u001b[33m,\u001b[39m password\u001b[33m:\u001b[39m \u001b[32m'pw'\u001b[39m })\u001b[33m;\u001b[39m\u001b[22m\n\u001b[2m     \u001b[90m 11 |\u001b[39m     \u001b[36mawait\u001b[39m user\u001b[33m.\u001b[39msave()\u001b[33m;\u001b[39m\u001b[0m\u001b[22m\n\u001b[2m\u001b[22m\n\u001b[2m      \u001b[2mat beforeAll (\u001b[22m\u001b[2m\u001b[0m\u001b[36mtests/post.model.test.js\u001b[39m\u001b[0m\u001b[2m:8:3)\u001b[22m\u001b[2m\u001b[22m\n\u001b[2m      \u001b[2mat Object.describe (\u001b[22m\u001b[2m\u001b[0m\u001b[36mtests/post.model.test.js\u001b[39m\u001b[0m\u001b[2m:6:1)\u001b[22m\u001b[2m\u001b[22m\n\n\n  \u001b[1m● \u001b[22mTest suite failed to run\n\n    TypeError: Cannot read properties of undefined (reading '_id')\n\n    \u001b[0m \u001b[90m 12 |\u001b[39m   })\u001b[33m;\u001b[39m\n     \u001b[90m 13 |\u001b[39m   afterAll(\u001b[36masync\u001b[39m () \u001b[33m=>\u001b[39m {\n    \u001b[31m\u001b[1m>\u001b[22m\u001b[39m\u001b[90m 14 |\u001b[39m     \u001b[36mawait\u001b[39m \u001b[33mUser\u001b[39m\u001b[33m.\u001b[39mdeleteOne({ _id\u001b[33m:\u001b[39m user\u001b[33m.\u001b[39m_id })\u001b[33m;\u001b[39m\n     \u001b[90m    |\u001b[39m                                      \u001b[31m\u001b[1m^\u001b[22m\u001b[39m\n     \u001b[90m 15 |\u001b[39m     \u001b[36mawait\u001b[39m mongoose\u001b[33m.\u001b[39mconnection\u001b[33m.\u001b[39mclose()\u001b[33m;\u001b[39m\n     \u001b[90m 16 |\u001b[39m   })\u001b[33m;\u001b[39m\n     \u001b[90m 17 |\u001b[39m   it(\u001b[32m'should create a post'\u001b[39m\u001b[33m,\u001b[39m \u001b[36masync\u001b[39m () \u001b[33m=>\u001b[39m {\u001b[0m\n\n      \u001b[2mat Object._id (\u001b[22m\u001b[0m\u001b[36mtests/post.model.test.js\u001b[39m\u001b[0m\u001b[2m:14:38)\u001b[22m\n","name":"E:\\Desktop Folder new\\BackendPro\\tests\\post.model.test.js","startTime":1766254361241,"status":"failed","summary":""},{"assertionResults":[{"ancestorTitles":[],"duration":614,"failureDetails":[],"failureMessages":[],"fullName":"at least one user exists in the DB","invocations":1,"location":null,"numPassingAsserts":1,"retryReasons":[],"status":"passed","title":"at least one user exists in the DB"},{"ancestorTitles":[],"duration":185,"failureDetails":[],"failureMessages":[],"fullName":"all users have a password and it appears hashed (bcrypt)","invocations":1,"location":null,"numPassingAsserts":89,"retryReasons":[],"status":"passed","title":"all users have a password and it appears hashed (bcrypt)"},{"ancestorTitles":[],"duration":94,"failureDetails":[{"matcherResult":{"actual":"aarav","expected":"aarav","message":"\u001b[2mexpect(\u001b[22m\u001b[31mreceived\u001b[39m\u001b[2m).\u001b[22mnot\u001b[2m.\u001b[22mtoBe\u001b[2m(\u001b[22m\u001b[32mexpected\u001b[39m\u001b[2m) // Object.is equality\u001b[22m\n\nExpected: not \u001b[32m\"aarav\"\u001b[39m","name":"toBe","pass":true}}],"failureMessages":["Error: \u001b[2mexpect(\u001b[22m\u001b[31mreceived\u001b[39m\u001b[2m).\u001b[22mnot\u001b[2m.\u001b[22mtoBe\u001b[2m(\u001b[22m\u001b[32mexpected\u001b[39m\u001b[2m) // Object.is equality\u001b[22m\n\nExpected: not \u001b[32m\"aarav\"\u001b[39m\n    at Object.toBe (E:\\Desktop Folder new\\BackendPro\\tests\\simple.studentChecks.test.js:61:38)\n    at processTicksAndRejections (node:internal/process/task_queues:105:5)"],"fullName":"usernames do not contain spaces (not full names)","invocations":1,"location":null,"numPassingAsserts":5,"retryReasons":[],"status":"failed","title":"usernames do not contain spaces (not full names)"},{"ancestorTitles":[],"duration":66,"failureDetails":[],"failureMessages":[],"fullName":"student emails follow .edu.in or @gmail.com (per model validation)","invocations":1,"location":null,"numPassingAsserts":44,"retryReasons":[],"status":"passed","title":"student emails follow .edu.in or @gmail.com (per model validation)"}],"endTime":1766254262117,"message":"\u001b[1m\u001b[31m  \u001b[1m● \u001b[22m\u001b[1musernames do not contain spaces (not full names)\u001b[39m\u001b[22m\n\n    \u001b[2mexpect(\u001b[22m\u001b[31mreceived\u001b[39m\u001b[2m).\u001b[22mnot\u001b[2m.\u001b[22mtoBe\u001b[2m(\u001b[22m\u001b[32mexpected\u001b[39m\u001b[2m) // Object.is equality\u001b[22m\n\n    Expected: not \u001b[32m\"aarav\"\u001b[39m\n\u001b[2m\u001b[22m\n\u001b[2m    \u001b[0m \u001b[90m 59 |\u001b[39m       \u001b[36mconst\u001b[39m normalizedName \u001b[33m=\u001b[39m u\u001b[33m.\u001b[39mname\u001b[33m.\u001b[39mtoLowerCase()\u001b[33m.\u001b[39mreplace(\u001b[35m/\\s+/g\u001b[39m\u001b[33m,\u001b[39m \u001b[32m''\u001b[39m)\u001b[33m;\u001b[39m\u001b[22m\n\u001b[2m     \u001b[90m 60 |\u001b[39m       \u001b[36mconst\u001b[39m normalizedUsername \u001b[33m=\u001b[39m (u\u001b[33m.\u001b[39musername \u001b[33m||\u001b[39m \u001b[32m''\u001b[39m)\u001b[33m.\u001b[39mtoLowerCase()\u001b[33m.\u001b[39mreplace(\u001b[35m/\\s+/g\u001b[39m\u001b[33m,\u001b[39m \u001b[32m''\u001b[39m)\u001b[33m;\u001b[39m\u001b[22m\n\u001b[2m    \u001b[31m\u001b[1m>\u001b[22m\u001b[2m\u001b[39m\u001b[90m 61 |\u001b[39m       expect(normalizedUsername)\u001b[33m.\u001b[39mnot\u001b[33m.\u001b[39mtoBe(normalizedName)\u001b[33m;\u001b[39m\u001b[22m\n\u001b[2m     \u001b[90m    |\u001b[39m                                      \u001b[31m\u001b[1m^\u001b[22m\u001b[2m\u001b[39m\u001b[22m\n\u001b[2m     \u001b[90m 62 |\u001b[39m     }\u001b[22m\n\u001b[2m     \u001b[90m 63 |\u001b[39m   }\u001b[22m\n\u001b[2m     \u001b[90m 64 |\u001b[39m })\u001b[33m;\u001b[39m\u001b[0m\u001b[22m\n\u001b[2m\u001b[22m\n\u001b[2m      \u001b[2mat Object.toBe (\u001b[22m\u001b[2m\u001b[0m\u001b[36mtests/simple.studentChecks.test.js\u001b[39m\u001b[0m\u001b[2m:61:38)\u001b[22m\u001b[2m\u001b[22m\n","name":"E:\\Desktop Folder new\\BackendPro\\tests\\simple.studentChecks.test.js","startTime":1766254259441,"status":"failed","summary":""},{"assertionResults":[{"ancestorTitles":[],"duration":468,"failureDetails":[{"matcherResult":{"actual":"aarav","expected":"aarav","message":"\u001b[2mexpect(\u001b[22m\u001b[31mreceived\u001b[39m\u001b[2m).\u001b[22mnot\u001b[2m.\u001b[22mtoBe\u001b[2m(\u001b[22m\u001b[32mexpected\u001b[39m\u001b[2m) // Object.is equality\u001b[22m\n\nExpected: not \u001b[32m\"aarav\"\u001b[39m","name":"toBe","pass":true}}],"failureMessages":["Error: \u001b[2mexpect(\u001b[22m\u001b[31mreceived\u001b[39m\u001b[2m).\u001b[22mnot\u001b[2m.\u001b[22mtoBe\u001b[2m(\u001b[22m\u001b[32mexpected\u001b[39m\u001b[2m) // Object.is equality\u001b[22m\n\nExpected: not \u001b[32m\"aarav\"\u001b[39m\n    at Object.toBe (E:\\Desktop Folder new\\BackendPro\\tests\\username.format.test.js:29:38)\n    at processTicksAndRejections (node:internal/process/task_queues:105:5)"],"fullName":"usernames contain no spaces and differ from full name","invocations":1,"location":null,"numPassingAsserts":5,"retryReasons":[],"status":"failed","title":"usernames contain no spaces and differ from full name"}],"endTime":1766254263921,"message":"\u001b[1m\u001b[31m  \u001b[1m● \u001b[22m\u001b[1musernames contain no spaces and differ from full name\u001b[39m\u001b[22m\n\n    \u001b[2mexpect(\u001b[22m\u001b[31mreceived\u001b[39m\u001b[2m).\u001b[22mnot\u001b[2m.\u001b[22mtoBe\u001b[2m(\u001b[22m\u001b[32mexpected\u001b[39m\u001b[2m) // Object.is equality\u001b[22m\n\n    Expected: not \u001b[32m\"aarav\"\u001b[39m\n\u001b[2m\u001b[22m\n\u001b[2m    \u001b[0m \u001b[90m 27 |\u001b[39m       \u001b[36mconst\u001b[39m normalizedName \u001b[33m=\u001b[39m u\u001b[33m.\u001b[39mname\u001b[33m.\u001b[39mtoLowerCase()\u001b[33m.\u001b[39mreplace(\u001b[35m/\\s+/g\u001b[39m\u001b[33m,\u001b[39m \u001b[32m''\u001b[39m)\u001b[33m;\u001b[39m\u001b[22m\n\u001b[2m     \u001b[90m 28 |\u001b[39m       \u001b[36mconst\u001b[39m normalizedUsername \u001b[33m=\u001b[39m (u\u001b[33m.\u001b[39musername \u001b[33m||\u001b[39m \u001b[32m''\u001b[39m)\u001b[33m.\u001b[39mtoLowerCase()\u001b[33m.\u001b[39mreplace(\u001b[35m/\\s+/g\u001b[39m\u001b[33m,\u001b[39m \u001b[32m''\u001b[39m)\u001b[33m;\u001b[39m\u001b[22m\n\u001b[2m    \u001b[31m\u001b[1m>\u001b[22m\u001b[2m\u001b[39m\u001b[90m 29 |\u001b[39m       expect(normalizedUsername)\u001b[33m.\u001b[39mnot\u001b[33m.\u001b[39mtoBe(normalizedName)\u001b[33m;\u001b[39m\u001b[22m\n\u001b[2m     \u001b[90m    |\u001b[39m                                      \u001b[31m\u001b[1m^\u001b[22m\u001b[2m\u001b[39m\u001b[22m\n\u001b[2m     \u001b[90m 30 |\u001b[39m     }\u001b[22m\n\u001b[2m     \u001b[90m 31 |\u001b[39m   }\u001b[22m\n\u001b[2m     \u001b[90m 32 |\u001b[39m })\u001b[33m;\u001b[39m\u001b[0m\u001b[22m\n\u001b[2m\u001b[22m\n\u001b[2m      \u001b[2mat Object.toBe (\u001b[22m\u001b[2m\u001b[0m\u001b[36mtests/username.format.test.js\u001b[39m\u001b[0m\u001b[2m:29:38)\u001b[22m\u001b[2m\u001b[22m\n","name":"E:\\Desktop Folder new\\BackendPro\\tests\\username.format.test.js","startTime":1766254262132,"status":"failed","summary":""},{"assertionResults":[{"ancestorTitles":[],"duration":528,"failureDetails":[{"matcherResult":{"actual":false,"expected":true,"message":"\u001b[2mexpect(\u001b[22m\u001b[31mreceived\u001b[39m\u001b[2m).\u001b[22mtoBe\u001b[2m(\u001b[22m\u001b[32mexpected\u001b[39m\u001b[2m) // Object.is equality\u001b[22m\n\nExpected: \u001b[32mtrue\u001b[39m\nReceived: \u001b[31mfalse\u001b[39m","name":"toBe","pass":false}}],"failureMessages":["Error: \u001b[2mexpect(\u001b[22m\u001b[31mreceived\u001b[39m\u001b[2m).\u001b[22mtoBe\u001b[2m(\u001b[22m\u001b[32mexpected\u001b[39m\u001b[2m) // Object.is equality\u001b[22m\n\nExpected: \u001b[32mtrue\u001b[39m\nReceived: \u001b[31mfalse\u001b[39m\n    at Object.toBe (E:\\Desktop Folder new\\BackendPro\\tests\\email.domain.test.js:29:64)\n    at processTicksAndRejections (node:internal/process/task_queues:105:5)"],"fullName":"student emails use chitkara.edu.in domain","invocations":1,"location":null,"numPassingAsserts":3,"retryReasons":[],"status":"failed","title":"student emails use chitkara.edu.in domain"}],"endTime":1766254265913,"message":"\u001b[1m\u001b[31m  \u001b[1m● \u001b[22m\u001b[1mstudent emails use chitkara.edu.in domain\u001b[39m\u001b[22m\n\n    \u001b[2mexpect(\u001b[22m\u001b[31mreceived\u001b[39m\u001b[2m).\u001b[22mtoBe\u001b[2m(\u001b[22m\u001b[32mexpected\u001b[39m\u001b[2m) // Object.is equality\u001b[22m\n\n    Expected: \u001b[32mtrue\u001b[39m\n    Received: \u001b[31mfalse\u001b[39m\n\u001b[2m\u001b[22m\n\u001b[2m    \u001b[0m \u001b[90m 27 |\u001b[39m   \u001b[36mfor\u001b[39m (\u001b[36mconst\u001b[39m s \u001b[36mof\u001b[39m students) {\u001b[22m\n\u001b[2m     \u001b[90m 28 |\u001b[39m     expect(s\u001b[33m.\u001b[39memail)\u001b[33m.\u001b[39mtoBeDefined()\u001b[33m;\u001b[39m\u001b[22m\n\u001b[2m    \u001b[31m\u001b[1m>\u001b[22m\u001b[2m\u001b[39m\u001b[90m 29 |\u001b[39m     expect(s\u001b[33m.\u001b[39memail\u001b[33m.\u001b[39mtoLowerCase()\u001b[33m.\u001b[39mendsWith(\u001b[32m'@chitkara.edu.in'\u001b[39m))\u001b[33m.\u001b[39mtoBe(\u001b[36mtrue\u001b[39m)\u001b[33m;\u001b[39m\u001b[22m\n\u001b[2m     \u001b[90m    |\u001b[39m                                                                \u001b[31m\u001b[1m^\u001b[22m\u001b[2m\u001b[39m\u001b[22m\n\u001b[2m     \u001b[90m 30 |\u001b[39m   }\u001b[22m\n\u001b[2m     \u001b[90m 31 |\u001b[39m })\u001b[33m;\u001b[39m\u001b[22m\n\u001b[2m     \u001b[90m 32 |\u001b[39m\u001b[0m\u001b[22m\n\u001b[2m\u001b[22m\n\u001b[2m      \u001b[2mat Object.toBe (\u001b[22m\u001b[2m\u001b[0m\u001b[36mtests/email.domain.test.js\u001b[39m\u001b[0m\u001b[2m:29:64)\u001b[22m\u001b[2m\u001b[22m\n","name":"E:\\Desktop Folder new\\BackendPro\\tests\\email.domain.test.js","startTime":1766254263954,"status":"failed","summary":""},{"assertionResults":[{"ancestorTitles":["Follow Request System"],"duration":4786,"failureDetails":[],"failureMessages":[],"fullName":"Follow Request System should send follow request successfully","invocations":1,"location":null,"numPassingAsserts":5,"retryReasons":[],"status":"passed","title":"should send follow request successfully"},{"ancestorTitles":["Follow Request System"],"duration":5050,"failureDetails":[],"failureMessages":[],"fullName":"Follow Request System should not allow duplicate follow requests","invocations":1,"location":null,"numPassingAsserts":2,"retryReasons":[],"status":"passed","title":"should not allow duplicate follow requests"},{"ancestorTitles":["Follow Request System"],"duration":3814,"failureDetails":[],"failureMessages":[],"fullName":"Follow Request System should not allow sending request to self","invocations":1,"location":null,"numPassingAsserts":2,"retryReasons":[],"status":"passed","title":"should not allow sending request to self"},{"ancestorTitles":["Follow Request System"],"duration":4859,"failureDetails":[],"failureMessages":[],"fullName":"Follow Request System should accept follow request and create friendship","invocations":1,"location":null,"numPassingAsserts":7,"retryReasons":[],"status":"passed","title":"should accept follow request and create friendship"},{"ancestorTitles":["Follow Request System"],"duration":4197,"failureDetails":[],"failureMessages":[],"fullName":"Follow Request System should reject follow request","invocations":1,"location":null,"numPassingAsserts":4,"retryReasons":[],"status":"passed","title":"should reject follow request"},{"ancestorTitles":["Follow Request System"],"duration":3998,"failureDetails":[],"failureMessages":[],"fullName":"Follow Request System should block user from follow request","invocations":1,"location":null,"numPassingAsserts":3,"retryReasons":[],"status":"passed","title":"should block user from follow request"},{"ancestorTitles":["Spam Detection"],"duration":3569,"failureDetails":[],"failureMessages":[],"fullName":"Spam Detection should block user after 3 rejections from same person","invocations":1,"location":null,"numPassingAsserts":2,"retryReasons":[],"status":"passed","title":"should block user after 3 rejections from same person"},{"ancestorTitles":["Spam Detection"],"duration":6695,"failureDetails":[],"failureMessages":[],"fullName":"Spam Detection should detect high rejection rate","invocations":1,"location":null,"numPassingAsserts":2,"retryReasons":[],"status":"passed","title":"should detect high rejection rate"},{"ancestorTitles":["Spam Detection"],"duration":2286,"failureDetails":[],"failureMessages":[],"fullName":"Spam Detection should count rejected requests correctly","invocations":1,"location":null,"numPassingAsserts":1,"retryReasons":[],"status":"passed","title":"should count rejected requests correctly"},{"ancestorTitles":["Messaging System"],"duration":3823,"failureDetails":[],"failureMessages":[],"fullName":"Messaging System should send text message between friends","invocations":1,"location":null,"numPassingAsserts":7,"retryReasons":[],"status":"passed","title":"should send text message between friends"},{"ancestorTitles":["Messaging System"],"duration":2860,"failureDetails":[],"failureMessages":[],"fullName":"Messaging System should not allow messaging non-friends","invocations":1,"location":null,"numPassingAsserts":2,"retryReasons":[],"status":"passed","title":"should not allow messaging non-friends"},{"ancestorTitles":["Messaging System"],"duration":3936,"failureDetails":[],"failureMessages":[],"fullName":"Messaging System should get conversation messages","invocations":1,"location":null,"numPassingAsserts":3,"retryReasons":[],"status":"passed","title":"should get conversation messages"},{"ancestorTitles":["Messaging System"],"duration":3176,"failureDetails":[],"failureMessages":[],"fullName":"Messaging System should mark messages as read","invocations":1,"location":null,"numPassingAsserts":2,"retryReasons":[],"status":"passed","title":"should mark messages as read"},{"ancestorTitles":["Messaging System"],"duration":2634,"failureDetails":[],"failureMessages":[],"fullName":"Messaging System should count unread messages","invocations":1,"location":null,"numPassingAsserts":1,"retryReasons":[],"status":"passed","title":"should count unread messages"},{"ancestorTitles":["Messaging System"],"duration":3253,"failureDetails":[],"failureMessages":[],"fullName":"Messaging System should delete message for user","invocations":1,"location":null,"numPassingAsserts":3,"retryReasons":[],"status":"passed","title":"should delete message for user"},{"ancestorTitles":["Messaging System"],"duration":3388,"failureDetails":[],"failureMessages":[],"fullName":"Messaging System should search messages","invocations":1,"location":null,"numPassingAsserts":3,"retryReasons":[],"status":"passed","title":"should search messages"},{"ancestorTitles":["Friendship Model"],"duration":451,"failureDetails":[],"failureMessages":[],"fullName":"Friendship Model should create friendship with sorted user IDs","invocations":1,"location":null,"numPassingAsserts":4,"retryReasons":[],"status":"passed","title":"should create friendship with sorted user IDs"},{"ancestorTitles":["Friendship Model"],"duration":695,"failureDetails":[],"failureMessages":[],"fullName":"Friendship Model should check if users are friends","invocations":1,"location":null,"numPassingAsserts":2,"retryReasons":[],"status":"passed","title":"should check if users are friends"},{"ancestorTitles":["Friendship Model"],"duration":600,"failureDetails":[],"failureMessages":[],"fullName":"Friendship Model should increment and reset unread counts","invocations":1,"location":null,"numPassingAsserts":2,"retryReasons":[],"status":"passed","title":"should increment and reset unread counts"},{"ancestorTitles":["Friendship Model"],"duration":700,"failureDetails":[],"failureMessages":[],"fullName":"Friendship Model should update last message time","invocations":1,"location":null,"numPassingAsserts":2,"retryReasons":[],"status":"passed","title":"should update last message time"},{"ancestorTitles":["Friendship Model"],"duration":414,"failureDetails":[],"failureMessages":[],"fullName":"Friendship Model should get other user ID","invocations":1,"location":null,"numPassingAsserts":2,"retryReasons":[],"status":"passed","title":"should get other user ID"},{"ancestorTitles":["Notification System"],"duration":446,"failureDetails":[],"failureMessages":[],"fullName":"Notification System should create follow request notification","invocations":1,"location":null,"numPassingAsserts":4,"retryReasons":[],"status":"passed","title":"should create follow request notification"},{"ancestorTitles":["Notification System"],"duration":415,"failureDetails":[],"failureMessages":[],"fullName":"Notification System should create follow accepted notification","invocations":1,"location":null,"numPassingAsserts":3,"retryReasons":[],"status":"passed","title":"should create follow accepted notification"},{"ancestorTitles":["Notification System"],"duration":488,"failureDetails":[],"failureMessages":[],"fullName":"Notification System should create message notification","invocations":1,"location":null,"numPassingAsserts":3,"retryReasons":[],"status":"passed","title":"should create message notification"},{"ancestorTitles":["Notification System"],"duration":492,"failureDetails":[],"failureMessages":[],"fullName":"Notification System should create admin warning notification","invocations":1,"location":null,"numPassingAsserts":3,"retryReasons":[],"status":"passed","title":"should create admin warning notification"},{"ancestorTitles":["Notification System"],"duration":641,"failureDetails":[],"failureMessages":[],"fullName":"Notification System should get unread notification count","invocations":1,"location":null,"numPassingAsserts":1,"retryReasons":[],"status":"passed","title":"should get unread notification count"},{"ancestorTitles":["Notification System"],"duration":625,"failureDetails":[],"failureMessages":[],"fullName":"Notification System should mark notifications as read","invocations":1,"location":null,"numPassingAsserts":2,"retryReasons":[],"status":"passed","title":"should mark notifications as read"}],"endTime":1766254344150,"message":"","name":"E:\\Desktop Folder new\\BackendPro\\tests\\chat.test.js","startTime":1766254265953,"status":"passed","summary":""},{"assertionResults":[{"ancestorTitles":["Auth Routes"],"duration":1215,"failureDetails":[],"failureMessages":[],"fullName":"Auth Routes should show login page","invocations":1,"location":null,"numPassingAsserts":2,"retryReasons":[],"status":"passed","title":"should show login page"},{"ancestorTitles":["Auth Routes"],"duration":133,"failureDetails":[],"failureMessages":[],"fullName":"Auth Routes should show register page","invocations":1,"location":null,"numPassingAsserts":2,"retryReasons":[],"status":"passed","title":"should show register page"}],"endTime":1766254347358,"message":"","name":"E:\\Desktop Folder new\\BackendPro\\tests\\auth.routes.test.js","startTime":1766254344501,"status":"passed","summary":""},{"assertionResults":[{"ancestorTitles":["Admin Routes"],"duration":1382,"failureDetails":[],"failureMessages":[],"fullName":"Admin Routes should block access to /admin when not unlocked","invocations":1,"location":null,"numPassingAsserts":1,"retryReasons":[],"status":"passed","title":"should block access to /admin when not unlocked"}],"endTime":1766254350078,"message":"","name":"E:\\Desktop Folder new\\BackendPro\\tests\\admin.routes.test.js","startTime":1766254347435,"status":"passed","summary":""},{"assertionResults":[{"ancestorTitles":["App Sanity"],"duration":1202,"failureDetails":[],"failureMessages":[],"fullName":"App Sanity should load the homepage","invocations":1,"location":null,"numPassingAsserts":2,"retryReasons":[],"status":"passed","title":"should load the homepage"}],"endTime":1766254352482,"message":"","name":"E:\\Desktop Folder new\\BackendPro\\tests\\app.sanity.test.js","startTime":1766254350155,"status":"passed","summary":""},{"assertionResults":[{"ancestorTitles":[],"duration":242,"failureDetails":[],"failureMessages":[],"fullName":"no empty user documents","invocations":1,"location":null,"numPassingAsserts":1,"retryReasons":[],"status":"passed","title":"no empty user documents"},{"ancestorTitles":[],"duration":384,"failureDetails":[],"failureMessages":[],"fullName":"no empty post documents (if posts exist)","invocations":1,"location":null,"numPassingAsserts":1,"retryReasons":[],"status":"passed","title":"no empty post documents (if posts exist)"},{"ancestorTitles":[],"duration":115,"failureDetails":[],"failureMessages":[],"fullName":"no empty message documents (if messages exist)","invocations":1,"location":null,"numPassingAsserts":1,"retryReasons":[],"status":"passed","title":"no empty message documents (if messages exist)"}],"endTime":1766254354813,"message":"","name":"E:\\Desktop Folder new\\BackendPro\\tests\\db.completeness.test.js","startTime":1766254352548,"status":"passed","summary":""},{"assertionResults":[{"ancestorTitles":[],"duration":505,"failureDetails":[],"failureMessages":[],"fullName":"database contains at least one user","invocations":1,"location":null,"numPassingAsserts":1,"retryReasons":[],"status":"passed","title":"database contains at least one user"}],"endTime":1766254356554,"message":"","name":"E:\\Desktop Folder new\\BackendPro\\tests\\student.exists.test.js","startTime":1766254354826,"status":"passed","summary":""},{"assertionResults":[{"ancestorTitles":[],"duration":484,"failureDetails":[],"failureMessages":[],"fullName":"every user has a non-empty password field","invocations":1,"location":null,"numPassingAsserts":67,"retryReasons":[],"status":"passed","title":"every user has a non-empty password field"}],"endTime":1766254358354,"message":"","name":"E:\\Desktop Folder new\\BackendPro\\tests\\password.presence.test.js","startTime":1766254356565,"status":"passed","summary":""},{"assertionResults":[{"ancestorTitles":[],"duration":512,"failureDetails":[],"failureMessages":[],"fullName":"stored passwords look like bcrypt hashes","invocations":1,"location":null,"numPassingAsserts":67,"retryReasons":[],"status":"passed","title":"stored passwords look like bcrypt hashes"}],"endTime":1766254360218,"message":"","name":"E:\\Desktop Folder new\\BackendPro\\tests\\password.hash.test.js","startTime":1766254358363,"status":"passed","summary":""},{"assertionResults":[{"ancestorTitles":[],"duration":48,"failureDetails":[],"failureMessages":[],"fullName":"GET /auth/register returns 200","invocations":1,"location":null,"numPassingAsserts":1,"retryReasons":[],"status":"passed","title":"GET /auth/register returns 200"},{"ancestorTitles":[],"duration":8,"failureDetails":[],"failureMessages":[],"fullName":"GET /auth/login returns 200","invocations":1,"location":null,"numPassingAsserts":1,"retryReasons":[],"status":"passed","title":"GET /auth/login returns 200"}],"endTime":1766254361077,"message":"","name":"E:\\Desktop Folder new\\BackendPro\\tests\\auth.endpoints.test.js","startTime":1766254360229,"status":"passed","summary":""},{"assertionResults":[{"ancestorTitles":["Basic Sanity Checks"],"duration":2,"failureDetails":[],"failureMessages":[],"fullName":"Basic Sanity Checks package.json exists and has name","invocations":1,"location":null,"numPassingAsserts":2,"retryReasons":[],"status":"passed","title":"package.json exists and has name"},{"ancestorTitles":["Basic Sanity Checks"],"duration":1,"failureDetails":[],"failureMessages":[],"fullName":"Basic Sanity Checks README.md exists and mentions project","invocations":1,"location":null,"numPassingAsserts":2,"retryReasons":[],"status":"passed","title":"README.md exists and mentions project"},{"ancestorTitles":["Basic Sanity Checks"],"duration":1,"failureDetails":[],"failureMessages":[],"fullName":"Basic Sanity Checks important folders exist","invocations":1,"location":null,"numPassingAsserts":4,"retryReasons":[],"status":"passed","title":"important folders exist"}],"endTime":1766254361224,"message":"","name":"E:\\Desktop Folder new\\BackendPro\\tests\\basic.sanity.test.js","startTime":1766254361095,"status":"passed","summary":""}],"wasInterrupted":false}
